STEP to UG
! INFO-     NX STEP AP214 - V1899
! INFO-      
! INFO-     Start of Translation: 12-AUG-2021  1:07:55 AM
! INFO-      
! STATUS-   Converting Part: C:\Users\Nelson\Github\Proyecto_APM\NX_Corte\Estacion Corte.stp
! SUMMARY-   
! SUMMARY-    STEP Header Information
! SUMMARY-   
! SUMMARY-  Description      Unknown
! SUMMARY-  Imp_Level        2;1
! SUMMARY-  File_Name        C:\Users\Nelson\Github\Proyecto_APM\Inventor_Corte\Formato STEP\Estacion Corte.stp
! SUMMARY-  Date             2021-08-12T00:58:31-05:00
! SUMMARY-  Author           Nelson
! SUMMARY-  Organization     Unknown
! SUMMARY-  Pre_Version      ST-DEVELOPER v18.1
! SUMMARY-  Orig_System      Autodesk Inventor 2021
! SUMMARY-  Authorization    Unknown
! SUMMARY-  Schema_ID        automotive_design
! SUMMARY-   
! SUMMARY-    Summary of STEP Entities
! SUMMARY-   
! SUMMARY-  Entity Type                                                   Count
! SUMMARY-  -----------                                                   ------
! SUMMARY-  advanced_face ..............................................:  16426
! SUMMARY-  application_context ........................................:      1
! SUMMARY-  axis2_placement_3d .........................................:  35795
! SUMMARY-  b_spline_curve_with_knots ..................................:   3502
! SUMMARY-  b_spline_curve_with_knots_and_rational_b_spline_curve ......:    770
! SUMMARY-  b_spline_surface_with_knots ................................:    472
! SUMMARY-  b_spline_surface_with_knots_and_rational_b_spline_surface ..:    312
! SUMMARY-  brep_with_voids ............................................:      3
! SUMMARY-  cartesian_point ............................................: 161580
! SUMMARY-  circle .....................................................:  19792
! SUMMARY-  closed_shell ...............................................:    155
! SUMMARY-  conical_surface ............................................:   3034
! SUMMARY-  context_dependent_shape_representation .....................:    189
! SUMMARY-  conversion_based_unit_and_length_unit ......................:      1
! SUMMARY-  cylindrical_surface ........................................:   4510
! SUMMARY-  dimensional_exponents ......................................:      1
! SUMMARY-  direction ..................................................:  95418
! SUMMARY-  edge_curve .................................................:  47914
! SUMMARY-  edge_loop ..................................................:  19631
! SUMMARY-  ellipse ....................................................:     22
! SUMMARY-  face_bound .................................................:   3205
! SUMMARY-  face_outer_bound ...........................................:  16426
! SUMMARY-  geometric_representation_context_and_global_uncertainty_a ..:    150
! SUMMARY-  item_defined_transformation ................................:    189
! SUMMARY-  length_measure_with_unit ...................................:      1
! SUMMARY-  length_unit_and_si_unit ....................................:      1
! SUMMARY-  line .......................................................:  23828
! SUMMARY-  manifold_solid_brep ........................................:    140
! SUMMARY-  next_assembly_usage_occurrence .............................:    189
! SUMMARY-  oriented_closed_shell ......................................:     12
! SUMMARY-  oriented_edge ..............................................:  95828
! SUMMARY-  plane ......................................................:   7374
! SUMMARY-  plane_angle_unit_and_si_unit ...............................:      1
! SUMMARY-  product ....................................................:    149
! SUMMARY-  product_context ............................................:      1
! SUMMARY-  product_definition .........................................:    149
! SUMMARY-  product_definition_context .................................:      1
! SUMMARY-  product_definition_formation ...............................:    149
! SUMMARY-  product_definition_shape ...................................:    338
! SUMMARY-  product_related_product_category ...........................:    149
! SUMMARY-  representation_relationship_with_transformation_and_shape ..:    189
! SUMMARY-  shape_representation .......................................:    149
! SUMMARY-  si_unit_and_solid_angle_unit ...............................:      1
! SUMMARY-  spherical_surface ..........................................:    177
! SUMMARY-  toroidal_surface ...........................................:    547
! SUMMARY-  uncertainty_measure_with_unit ..............................:    150
! SUMMARY-  vector .....................................................:  23828
! SUMMARY-  vertex_point ...............................................:  32363
! SUMMARY-                                                               -------
! SUMMARY-  Total                                                         615212
! STATUS-    
! STATUS-   Converting to Output Form (Phase 2 of 3): 12-AUG-2021 1:07:59 AM
! STATUS-    
! STATUS-    
! STATUS-   Generating UG geometry and placing them in parts
! STATUS-    
! STATUS-   Creating the UG part (Phase 3 of 3): 12-AUG-2021  1:09:06 AM
! INFO-     Filing Part ..: C:\Users\Nelson\Github\Proyecto_APM\NX_Corte\Eje roscado base soporte tubo
! SUMMARY-   
! SUMMARY-  Summary of Unigraphics Part Entities
! SUMMARY-   
! SUMMARY-  Entities Processed             Count
! SUMMARY-  ------------------             -----
! SUMMARY-  Solid .......................:     1
! SUMMARY-                                 -----
! SUMMARY-  Total                              1
! STATUS-   Creating the UG part (Phase 3 of 3): 12-AUG-2021  1:09:19 AM
! INFO-     Filing Part ..: C:\Users\Nelson\Github\Proyecto_APM\NX_Corte\DIN 7984 - M8 x 25
! SUMMARY-   
! SUMMARY-  Summary of Unigraphics Part Entities
! SUMMARY-   
! SUMMARY-  Entities Processed             Count
! SUMMARY-  ------------------             -----
! SUMMARY-  Solid .......................:     1
! SUMMARY-                                 -----
! SUMMARY-  Total                              1
! STATUS-   Creating the UG part (Phase 3 of 3): 12-AUG-2021  1:09:20 AM
! INFO-     Filing Part ..: C:\Users\Nelson\Github\Proyecto_APM\NX_Corte\Soporte Pistón
! SUMMARY-   
! SUMMARY-  Summary of Unigraphics Part Entities
! SUMMARY-   
! SUMMARY-  Entities Processed             Count
! SUMMARY-  ------------------             -----
! SUMMARY-  Solid .......................:     1
! SUMMARY-                                 -----
! SUMMARY-  Total                              1
! STATUS-   Creating the UG part (Phase 3 of 3): 12-AUG-2021  1:09:20 AM
! INFO-     Filing Part ..: C:\Users\Nelson\Github\Proyecto_APM\NX_Corte\Soporte Superior Tubos
! SUMMARY-   
! SUMMARY-  Summary of Unigraphics Part Entities
! SUMMARY-   
! SUMMARY-  Entities Processed             Count
! SUMMARY-  ------------------             -----
! SUMMARY-  Solid .......................:     3
! SUMMARY-                                 -----
! SUMMARY-  Total                              3
! STATUS-   Creating the UG part (Phase 3 of 3): 12-AUG-2021  1:09:20 AM
! INFO-     Filing Part ..: C:\Users\Nelson\Github\Proyecto_APM\NX_Corte\CP96-M9P_SW
! SUMMARY-   
! SUMMARY-  Summary of Unigraphics Part Entities
! SUMMARY-   
! SUMMARY-  Entities Processed             Count
! SUMMARY-  ------------------             -----
! SUMMARY-  Solid .......................:     1
! SUMMARY-                                 -----
! SUMMARY-  Total                              1
! STATUS-   Creating the UG part (Phase 3 of 3): 12-AUG-2021  1:09:20 AM
! INFO-     Filing Part ..: C:\Users\Nelson\Github\Proyecto_APM\NX_Corte\C96S32_NUT
! SUMMARY-   
! SUMMARY-  Summary of Unigraphics Part Entities
! SUMMARY-   
! SUMMARY-  Entities Processed             Count
! SUMMARY-  ------------------             -----
! SUMMARY-  Solid .......................:     1
! SUMMARY-                                 -----
! SUMMARY-  Total                              1
! STATUS-   Creating the UG part (Phase 3 of 3): 12-AUG-2021  1:09:21 AM
! INFO-     Filing Part ..: C:\Users\Nelson\Github\Proyecto_APM\NX_Corte\CP96S32-50_ROD
! SUMMARY-   
! SUMMARY-  Summary of Unigraphics Part Entities
! SUMMARY-   
! SUMMARY-  Entities Processed             Count
! SUMMARY-  ------------------             -----
! SUMMARY-  Solid .......................:     1
! SUMMARY-                                 -----
! SUMMARY-  Total                              1
! STATUS-   Creating the UG part (Phase 3 of 3): 12-AUG-2021  1:09:21 AM
! INFO-     Filing Part ..: C:\Users\Nelson\Github\Proyecto_APM\NX_Corte\CP96S32-50(0)_BODY
! SUMMARY-   
! SUMMARY-  Summary of Unigraphics Part Entities
! SUMMARY-   
! SUMMARY-  Entities Processed             Count
! SUMMARY-  ------------------             -----
! SUMMARY-  Solid .......................:     1
! SUMMARY-                                 -----
! SUMMARY-  Total                              1
! STATUS-   Creating the UG part (Phase 3 of 3): 12-AUG-2021  1:09:21 AM
! INFO-     Filing Part ..: C:\Users\Nelson\Github\Proyecto_APM\NX_Corte\Pata_mesa_2
! SUMMARY-   
! SUMMARY-  Summary of Unigraphics Part Entities
! SUMMARY-   
! SUMMARY-  Entities Processed             Count
! SUMMARY-  ------------------             -----
! SUMMARY-  Solid .......................:     1
! SUMMARY-                                 -----
! SUMMARY-  Total                              1
! STATUS-   Creating the UG part (Phase 3 of 3): 12-AUG-2021  1:09:22 AM
! INFO-     Filing Part ..: C:\Users\Nelson\Github\Proyecto_APM\NX_Corte\ISO 7050 - ST6,3 x 25 - F - H
! SUMMARY-   
! SUMMARY-  Summary of Unigraphics Part Entities
! SUMMARY-   
! SUMMARY-  Entities Processed             Count
! SUMMARY-  ------------------             -----
! SUMMARY-  Solid .......................:     1
! SUMMARY-                                 -----
! SUMMARY-  Total                              1
! STATUS-   Creating the UG part (Phase 3 of 3): 12-AUG-2021  1:09:22 AM
! INFO-     Filing Part ..: C:\Users\Nelson\Github\Proyecto_APM\NX_Corte\ISO 4032 - M6
! SUMMARY-   
! SUMMARY-  Summary of Unigraphics Part Entities
! SUMMARY-   
! SUMMARY-  Entities Processed             Count
! SUMMARY-  ------------------             -----
! SUMMARY-  Solid .......................:     1
! SUMMARY-                                 -----
! SUMMARY-  Total                              1
! STATUS-   Creating the UG part (Phase 3 of 3): 12-AUG-2021  1:09:22 AM
! INFO-     Filing Part ..: C:\Users\Nelson\Github\Proyecto_APM\NX_Corte\ISO 4032 - M5
! SUMMARY-   
! SUMMARY-  Summary of Unigraphics Part Entities
! SUMMARY-   
! SUMMARY-  Entities Processed             Count
! SUMMARY-  ------------------             -----
! SUMMARY-  Solid .......................:     1
! SUMMARY-                                 -----
! SUMMARY-  Total                              1
! STATUS-   Creating the UG part (Phase 3 of 3): 12-AUG-2021  1:09:22 AM
! INFO-     Filing Part ..: C:\Users\Nelson\Github\Proyecto_APM\NX_Corte\ISO 7045 - M5 x 20 - 4.8 - H
! SUMMARY-   
! SUMMARY-  Summary of Unigraphics Part Entities
! SUMMARY-   
! SUMMARY-  Entities Processed             Count
! SUMMARY-  ------------------             -----
! SUMMARY-  Solid .......................:     1
! SUMMARY-                                 -----
! SUMMARY-  Total                              1
! STATUS-   Creating the UG part (Phase 3 of 3): 12-AUG-2021  1:09:23 AM
! INFO-     Filing Part ..: C:\Users\Nelson\Github\Proyecto_APM\NX_Corte\Perfil de unión protección
! SUMMARY-   
! SUMMARY-  Summary of Unigraphics Part Entities
! SUMMARY-   
! SUMMARY-  Entities Processed             Count
! SUMMARY-  ------------------             -----
! SUMMARY-  Solid .......................:     1
! SUMMARY-                                 -----
! SUMMARY-  Total                              1
! STATUS-   Creating the UG part (Phase 3 of 3): 12-AUG-2021  1:09:23 AM
! INFO-     Filing Part ..: C:\Users\Nelson\Github\Proyecto_APM\NX_Corte\Barrera de protección
! SUMMARY-   
! SUMMARY-  Summary of Unigraphics Part Entities
! SUMMARY-   
! SUMMARY-  Entities Processed             Count
! SUMMARY-  ------------------             -----
! SUMMARY-  Solid .......................:     1
! SUMMARY-                                 -----
! SUMMARY-  Total                              1
! STATUS-   Creating the UG part (Phase 3 of 3): 12-AUG-2021  1:09:23 AM
! INFO-     Filing Part ..: C:\Users\Nelson\Github\Proyecto_APM\NX_Corte\Base soporte tubos_1
! SUMMARY-   
! SUMMARY-  Summary of Unigraphics Part Entities
! SUMMARY-   
! SUMMARY-  Entities Processed             Count
! SUMMARY-  ------------------             -----
! SUMMARY-  Solid .......................:     1
! SUMMARY-                                 -----
! SUMMARY-  Total                              1
! STATUS-   Creating the UG part (Phase 3 of 3): 12-AUG-2021  1:09:23 AM
! INFO-     Filing Part ..: C:\Users\Nelson\Github\Proyecto_APM\NX_Corte\Advertencia
! SUMMARY-   
! SUMMARY-  Summary of Unigraphics Part Entities
! SUMMARY-   
! SUMMARY-  Entities Processed             Count
! SUMMARY-  ------------------             -----
! SUMMARY-  Solid .......................:     1
! SUMMARY-                                 -----
! SUMMARY-  Total                              1
! STATUS-   Creating the UG part (Phase 3 of 3): 12-AUG-2021  1:09:23 AM
! INFO-     Filing Part ..: C:\Users\Nelson\Github\Proyecto_APM\NX_Corte\Pata_mesa_1
! SUMMARY-   
! SUMMARY-  Summary of Unigraphics Part Entities
! SUMMARY-   
! SUMMARY-  Entities Processed             Count
! SUMMARY-  ------------------             -----
! SUMMARY-  Solid .......................:     1
! SUMMARY-                                 -----
! SUMMARY-  Total                              1
! STATUS-   Creating the UG part (Phase 3 of 3): 12-AUG-2021  1:09:23 AM
! INFO-     Filing Part ..: C:\Users\Nelson\Github\Proyecto_APM\NX_Corte\Pata_mesa
! SUMMARY-   
! SUMMARY-  Summary of Unigraphics Part Entities
! SUMMARY-   
! SUMMARY-  Entities Processed             Count
! SUMMARY-  ------------------             -----
! SUMMARY-  Solid .......................:     1
! SUMMARY-                                 -----
! SUMMARY-  Total                              1
! STATUS-   Creating the UG part (Phase 3 of 3): 12-AUG-2021  1:09:24 AM
! INFO-     Filing Part ..: C:\Users\Nelson\Github\Proyecto_APM\NX_Corte\CE2-M9P_BA7-063(63)_2
! SUMMARY-   
! SUMMARY-  Summary of Unigraphics Part Entities
! SUMMARY-   
! SUMMARY-  Entities Processed             Count
! SUMMARY-  ------------------             -----
! SUMMARY-  Solid .......................:     1
! SUMMARY-                                 -----
! SUMMARY-  Total                              1
! STATUS-   Creating the UG part (Phase 3 of 3): 12-AUG-2021  1:09:24 AM
! INFO-     Filing Part ..: C:\Users\Nelson\Github\Proyecto_APM\NX_Corte\CE2-M9P_BA7-063(63)
! SUMMARY-   
! SUMMARY-  Summary of Unigraphics Part Entities
! SUMMARY-   
! SUMMARY-  Entities Processed             Count
! SUMMARY-  ------------------             -----
! SUMMARY-  Solid .......................:     1
! SUMMARY-                                 -----
! SUMMARY-  Total                              1
! STATUS-   Creating the UG part (Phase 3 of 3): 12-AUG-2021  1:09:24 AM
! INFO-     Filing Part ..: C:\Users\Nelson\Github\Proyecto_APM\NX_Corte\CA1-F06(F)
! SUMMARY-   
! SUMMARY-  Summary of Unigraphics Part Entities
! SUMMARY-   
! SUMMARY-  Entities Processed             Count
! SUMMARY-  ------------------             -----
! SUMMARY-  Solid .......................:     1
! SUMMARY-                                 -----
! SUMMARY-  Total                              1
! STATUS-   Creating the UG part (Phase 3 of 3): 12-AUG-2021  1:09:24 AM
! INFO-     Filing Part ..: C:\Users\Nelson\Github\Proyecto_APM\NX_Corte\NT-05(63)_CE2
! SUMMARY-   
! SUMMARY-  Summary of Unigraphics Part Entities
! SUMMARY-   
! SUMMARY-  Entities Processed             Count
! SUMMARY-  ------------------             -----
! SUMMARY-  Solid .......................:     1
! SUMMARY-                                 -----
! SUMMARY-  Total                              1
! STATUS-   Creating the UG part (Phase 3 of 3): 12-AUG-2021  1:09:25 AM
! INFO-     Filing Part ..: C:\Users\Nelson\Github\Proyecto_APM\NX_Corte\CE263-800_ROD
! SUMMARY-   
! SUMMARY-  Summary of Unigraphics Part Entities
! SUMMARY-   
! SUMMARY-  Entities Processed             Count
! SUMMARY-  ------------------             -----
! SUMMARY-  Solid .......................:     1
! SUMMARY-                                 -----
! SUMMARY-  Total                              1
! STATUS-   Creating the UG part (Phase 3 of 3): 12-AUG-2021  1:09:25 AM
! INFO-     Filing Part ..: C:\Users\Nelson\Github\Proyecto_APM\NX_Corte\CE263-800(0)_BODY
! SUMMARY-   
! SUMMARY-  Summary of Unigraphics Part Entities
! SUMMARY-   
! SUMMARY-  Entities Processed             Count
! SUMMARY-  ------------------             -----
! SUMMARY-  Solid .......................:     1
! SUMMARY-                                 -----
! SUMMARY-  Total                              1
! STATUS-   Creating the UG part (Phase 3 of 3): 12-AUG-2021  1:09:25 AM
! INFO-     Filing Part ..: C:\Users\Nelson\Github\Proyecto_APM\NX_Corte\xawf178ex_02
! SUMMARY-   
! SUMMARY-  Summary of Unigraphics Part Entities
! SUMMARY-   
! SUMMARY-  Entities Processed             Count
! SUMMARY-  ------------------             -----
! SUMMARY-  Solid .......................:     1
! SUMMARY-                                 -----
! SUMMARY-  Total                              1
! STATUS-   Creating the UG part (Phase 3 of 3): 12-AUG-2021  1:09:27 AM
! INFO-     Filing Part ..: C:\Users\Nelson\Github\Proyecto_APM\NX_Corte\xawf178ex_01
! SUMMARY-   
! SUMMARY-  Summary of Unigraphics Part Entities
! SUMMARY-   
! SUMMARY-  Entities Processed             Count
! SUMMARY-  ------------------             -----
! SUMMARY-  Solid .......................:     1
! SUMMARY-                                 -----
! SUMMARY-  Total                              1
! STATUS-   Creating the UG part (Phase 3 of 3): 12-AUG-2021  1:09:29 AM
! INFO-     Filing Part ..: C:\Users\Nelson\Github\Proyecto_APM\NX_Corte\xawf100ex
! SUMMARY-   
! SUMMARY-  Summary of Unigraphics Part Entities
! SUMMARY-   
! SUMMARY-  Entities Processed             Count
! SUMMARY-  ------------------             -----
! SUMMARY-  Solid .......................:     1
! SUMMARY-                                 -----
! SUMMARY-  Total                              1
! STATUS-   Creating the UG part (Phase 3 of 3): 12-AUG-2021  1:09:30 AM
! INFO-     Filing Part ..: C:\Users\Nelson\Github\Proyecto_APM\NX_Corte\nsycrn64250p_08
! SUMMARY-   
! SUMMARY-  Summary of Unigraphics Part Entities
! SUMMARY-   
! SUMMARY-  Entities Processed             Count
! SUMMARY-  ------------------             -----
! SUMMARY-  Solid .......................:     1
! SUMMARY-                                 -----
! SUMMARY-  Total                              1
! STATUS-   Creating the UG part (Phase 3 of 3): 12-AUG-2021  1:09:30 AM
! INFO-     Filing Part ..: C:\Users\Nelson\Github\Proyecto_APM\NX_Corte\nsycrn64250p_07
! SUMMARY-   
! SUMMARY-  Summary of Unigraphics Part Entities
! SUMMARY-   
! SUMMARY-  Entities Processed             Count
! SUMMARY-  ------------------             -----
! SUMMARY-  Solid .......................:     1
! SUMMARY-                                 -----
! SUMMARY-  Total                              1
! STATUS-   Creating the UG part (Phase 3 of 3): 12-AUG-2021  1:09:30 AM
! INFO-     Filing Part ..: C:\Users\Nelson\Github\Proyecto_APM\NX_Corte\nsycrn64250p_06
! SUMMARY-   
! SUMMARY-  Summary of Unigraphics Part Entities
! SUMMARY-   
! SUMMARY-  Entities Processed             Count
! SUMMARY-  ------------------             -----
! SUMMARY-  Group .......................:     1
! SUMMARY-                                 -----
! SUMMARY-  Total                              1
! STATUS-   Creating the UG part (Phase 3 of 3): 12-AUG-2021  1:09:31 AM
! INFO-     Filing Part ..: C:\Users\Nelson\Github\Proyecto_APM\NX_Corte\nsycrn64250p_05
! SUMMARY-   
! SUMMARY-  Summary of Unigraphics Part Entities
! SUMMARY-   
! SUMMARY-  Entities Processed             Count
! SUMMARY-  ------------------             -----
! SUMMARY-  Solid .......................:     1
! SUMMARY-                                 -----
! SUMMARY-  Total                              1
! STATUS-   Creating the UG part (Phase 3 of 3): 12-AUG-2021  1:09:32 AM
! INFO-     Filing Part ..: C:\Users\Nelson\Github\Proyecto_APM\NX_Corte\nsycrn64250p_04
! SUMMARY-   
! SUMMARY-  Summary of Unigraphics Part Entities
! SUMMARY-   
! SUMMARY-  Entities Processed             Count
! SUMMARY-  ------------------             -----
! SUMMARY-  Group .......................:     1
! SUMMARY-                                 -----
! SUMMARY-  Total                              1
! STATUS-   Creating the UG part (Phase 3 of 3): 12-AUG-2021  1:09:33 AM
! INFO-     Filing Part ..: C:\Users\Nelson\Github\Proyecto_APM\NX_Corte\nsycrn64250p_03
! SUMMARY-   
! SUMMARY-  Summary of Unigraphics Part Entities
! SUMMARY-   
! SUMMARY-  Entities Processed             Count
! SUMMARY-  ------------------             -----
! SUMMARY-  Solid .......................:     1
! SUMMARY-                                 -----
! SUMMARY-  Total                              1
! STATUS-   Creating the UG part (Phase 3 of 3): 12-AUG-2021  1:09:33 AM
! INFO-     Filing Part ..: C:\Users\Nelson\Github\Proyecto_APM\NX_Corte\nsycrn64250p_02
! SUMMARY-   
! SUMMARY-  Summary of Unigraphics Part Entities
! SUMMARY-   
! SUMMARY-  Entities Processed             Count
! SUMMARY-  ------------------             -----
! SUMMARY-  Solid .......................:     1
! SUMMARY-                                 -----
! SUMMARY-  Total                              1
! STATUS-   Creating the UG part (Phase 3 of 3): 12-AUG-2021  1:09:33 AM
! INFO-     Filing Part ..: C:\Users\Nelson\Github\Proyecto_APM\NX_Corte\nsycrn64250p_01
! SUMMARY-   
! SUMMARY-  Summary of Unigraphics Part Entities
! SUMMARY-   
! SUMMARY-  Entities Processed             Count
! SUMMARY-  ------------------             -----
! SUMMARY-  Solid .......................:     1
! SUMMARY-                                 -----
! SUMMARY-  Total                              1
! STATUS-   Creating the UG part (Phase 3 of 3): 12-AUG-2021  1:09:34 AM
! INFO-     Filing Part ..: C:\Users\Nelson\Github\Proyecto_APM\NX_Corte\Pin de unión
! SUMMARY-   
! SUMMARY-  Summary of Unigraphics Part Entities
! SUMMARY-   
! SUMMARY-  Entities Processed             Count
! SUMMARY-  ------------------             -----
! SUMMARY-  Solid .......................:     1
! SUMMARY-                                 -----
! SUMMARY-  Total                              1
! STATUS-   Creating the UG part (Phase 3 of 3): 12-AUG-2021  1:09:34 AM
! INFO-     Filing Part ..: C:\Users\Nelson\Github\Proyecto_APM\NX_Corte\Junta Revoluta
! SUMMARY-   
! SUMMARY-  Summary of Unigraphics Part Entities
! SUMMARY-   
! SUMMARY-  Entities Processed             Count
! SUMMARY-  ------------------             -----
! SUMMARY-  Solid .......................:     1
! SUMMARY-                                 -----
! SUMMARY-  Total                              1
! STATUS-   Creating the UG part (Phase 3 of 3): 12-AUG-2021  1:09:35 AM
! INFO-     Filing Part ..: C:\Users\Nelson\Github\Proyecto_APM\NX_Corte\Soporte Cilindro Cortadora
! SUMMARY-   
! SUMMARY-  Summary of Unigraphics Part Entities
! SUMMARY-   
! SUMMARY-  Entities Processed             Count
! SUMMARY-  ------------------             -----
! SUMMARY-  Solid .......................:     1
! SUMMARY-                                 -----
! SUMMARY-  Total                              1
! STATUS-   Creating the UG part (Phase 3 of 3): 12-AUG-2021  1:09:35 AM
! INFO-     Filing Part ..: C:\Users\Nelson\Github\Proyecto_APM\NX_Corte\C96S40_NUT
! SUMMARY-   
! SUMMARY-  Summary of Unigraphics Part Entities
! SUMMARY-   
! SUMMARY-  Entities Processed             Count
! SUMMARY-  ------------------             -----
! SUMMARY-  Solid .......................:     1
! SUMMARY-                                 -----
! SUMMARY-  Total                              1
! STATUS-   Creating the UG part (Phase 3 of 3): 12-AUG-2021  1:09:35 AM
! INFO-     Filing Part ..: C:\Users\Nelson\Github\Proyecto_APM\NX_Corte\CP96S40-160_ROD
! SUMMARY-   
! SUMMARY-  Summary of Unigraphics Part Entities
! SUMMARY-   
! SUMMARY-  Entities Processed             Count
! SUMMARY-  ------------------             -----
! SUMMARY-  Solid .......................:     1
! SUMMARY-                                 -----
! SUMMARY-  Total                              1
! STATUS-   Creating the UG part (Phase 3 of 3): 12-AUG-2021  1:09:35 AM
! INFO-     Filing Part ..: C:\Users\Nelson\Github\Proyecto_APM\NX_Corte\CP96S40-160(0)_BODY
! SUMMARY-   
! SUMMARY-  Summary of Unigraphics Part Entities
! SUMMARY-   
! SUMMARY-  Entities Processed             Count
! SUMMARY-  ------------------             -----
! SUMMARY-  Solid .......................:     1
! SUMMARY-                                 -----
! SUMMARY-  Total                              1
! STATUS-   Creating the UG part (Phase 3 of 3): 12-AUG-2021  1:09:36 AM
! INFO-     Filing Part ..: C:\Users\Nelson\Github\Proyecto_APM\NX_Corte\Agarre Cortadora
! SUMMARY-   
! SUMMARY-  Summary of Unigraphics Part Entities
! SUMMARY-   
! SUMMARY-  Entities Processed             Count
! SUMMARY-  ------------------             -----
! SUMMARY-  Solid .......................:     1
! SUMMARY-                                 -----
! SUMMARY-  Total                              1
! STATUS-   Creating the UG part (Phase 3 of 3): 12-AUG-2021  1:09:36 AM
! INFO-     Filing Part ..: C:\Users\Nelson\Github\Proyecto_APM\NX_Corte\Angulo en V_MIR
! SUMMARY-   
! SUMMARY-  Summary of Unigraphics Part Entities
! SUMMARY-   
! SUMMARY-  Entities Processed             Count
! SUMMARY-  ------------------             -----
! SUMMARY-  Solid .......................:     1
! SUMMARY-                                 -----
! SUMMARY-  Total                              1
! STATUS-   Creating the UG part (Phase 3 of 3): 12-AUG-2021  1:09:36 AM
! INFO-     Filing Part ..: C:\Users\Nelson\Github\Proyecto_APM\NX_Corte\V-Groove_Roller_MIR
! SUMMARY-   
! SUMMARY-  Summary of Unigraphics Part Entities
! SUMMARY-   
! SUMMARY-  Entities Processed             Count
! SUMMARY-  ------------------             -----
! SUMMARY-  Solid .......................:     2
! SUMMARY-                                 -----
! SUMMARY-  Total                              2
! STATUS-   Creating the UG part (Phase 3 of 3): 12-AUG-2021  1:09:36 AM
! INFO-     Filing Part ..: C:\Users\Nelson\Github\Proyecto_APM\NX_Corte\PerfilZ_MIR
! SUMMARY-   
! SUMMARY-  Summary of Unigraphics Part Entities
! SUMMARY-   
! SUMMARY-  Entities Processed             Count
! SUMMARY-  ------------------             -----
! SUMMARY-  Solid .......................:     1
! SUMMARY-                                 -----
! SUMMARY-  Total                              1
! STATUS-   Creating the UG part (Phase 3 of 3): 12-AUG-2021  1:09:36 AM
! INFO-     Filing Part ..: C:\Users\Nelson\Github\Proyecto_APM\NX_Corte\Angulo en V
! SUMMARY-   
! SUMMARY-  Summary of Unigraphics Part Entities
! SUMMARY-   
! SUMMARY-  Entities Processed             Count
! SUMMARY-  ------------------             -----
! SUMMARY-  Solid .......................:     1
! SUMMARY-                                 -----
! SUMMARY-  Total                              1
! STATUS-   Creating the UG part (Phase 3 of 3): 12-AUG-2021  1:09:36 AM
! INFO-     Filing Part ..: C:\Users\Nelson\Github\Proyecto_APM\NX_Corte\V-Groove_Roller
! SUMMARY-   
! SUMMARY-  Summary of Unigraphics Part Entities
! SUMMARY-   
! SUMMARY-  Entities Processed             Count
! SUMMARY-  ------------------             -----
! SUMMARY-  Solid .......................:     2
! SUMMARY-                                 -----
! SUMMARY-  Total                              2
! STATUS-   Creating the UG part (Phase 3 of 3): 12-AUG-2021  1:09:37 AM
! INFO-     Filing Part ..: C:\Users\Nelson\Github\Proyecto_APM\NX_Corte\PerfilZ
! SUMMARY-   
! SUMMARY-  Summary of Unigraphics Part Entities
! SUMMARY-   
! SUMMARY-  Entities Processed             Count
! SUMMARY-  ------------------             -----
! SUMMARY-  Solid .......................:     1
! SUMMARY-                                 -----
! SUMMARY-  Total                              1
! STATUS-   Creating the UG part (Phase 3 of 3): 12-AUG-2021  1:09:37 AM
! INFO-     Filing Part ..: C:\Users\Nelson\Github\Proyecto_APM\NX_Corte\Barra base cotadora_MIR
! SUMMARY-   
! SUMMARY-  Summary of Unigraphics Part Entities
! SUMMARY-   
! SUMMARY-  Entities Processed             Count
! SUMMARY-  ------------------             -----
! SUMMARY-  Solid .......................:     1
! SUMMARY-                                 -----
! SUMMARY-  Total                              1
! STATUS-   Creating the UG part (Phase 3 of 3): 12-AUG-2021  1:09:37 AM
! INFO-     Filing Part ..: C:\Users\Nelson\Github\Proyecto_APM\NX_Corte\Base_cortadora_MIR
! SUMMARY-   
! SUMMARY-  Summary of Unigraphics Part Entities
! SUMMARY-   
! SUMMARY-  Entities Processed             Count
! SUMMARY-  ------------------             -----
! SUMMARY-  Solid .......................:     1
! SUMMARY-                                 -----
! SUMMARY-  Total                              1
! STATUS-   Creating the UG part (Phase 3 of 3): 12-AUG-2021  1:09:37 AM
! INFO-     Filing Part ..: C:\Users\Nelson\Github\Proyecto_APM\NX_Corte\DIN 920 - M5 x 5
! SUMMARY-   
! SUMMARY-  Summary of Unigraphics Part Entities
! SUMMARY-   
! SUMMARY-  Entities Processed             Count
! SUMMARY-  ------------------             -----
! SUMMARY-  Solid .......................:     1
! SUMMARY-                                 -----
! SUMMARY-  Total                              1
! STATUS-   Creating the UG part (Phase 3 of 3): 12-AUG-2021  1:09:37 AM
! INFO-     Filing Part ..: C:\Users\Nelson\Github\Proyecto_APM\NX_Corte\Protector
! SUMMARY-   
! SUMMARY-  Summary of Unigraphics Part Entities
! SUMMARY-   
! SUMMARY-  Entities Processed             Count
! SUMMARY-  ------------------             -----
! SUMMARY-  Solid .......................:     1
! SUMMARY-                                 -----
! SUMMARY-  Total                              1
! STATUS-   Creating the UG part (Phase 3 of 3): 12-AUG-2021  1:09:37 AM
! INFO-     Filing Part ..: C:\Users\Nelson\Github\Proyecto_APM\NX_Corte\Grupo_cortadora_84_MIR
! SUMMARY-   
! SUMMARY-  Summary of Unigraphics Part Entities
! SUMMARY-   
! SUMMARY-  Entities Processed             Count
! SUMMARY-  ------------------             -----
! SUMMARY-  Solid .......................:     1
! SUMMARY-                                 -----
! SUMMARY-  Total                              1
! STATUS-   Creating the UG part (Phase 3 of 3): 12-AUG-2021  1:09:38 AM
! INFO-     Filing Part ..: C:\Users\Nelson\Github\Proyecto_APM\NX_Corte\Grupo_cortadora_83_MIR
! SUMMARY-   
! SUMMARY-  Summary of Unigraphics Part Entities
! SUMMARY-   
! SUMMARY-  Entities Processed             Count
! SUMMARY-  ------------------             -----
! SUMMARY-  Solid .......................:     1
! SUMMARY-                                 -----
! SUMMARY-  Total                              1
! STATUS-   Creating the UG part (Phase 3 of 3): 12-AUG-2021  1:09:38 AM
! INFO-     Filing Part ..: C:\Users\Nelson\Github\Proyecto_APM\NX_Corte\Grupo_cortadora_82_MIR
! SUMMARY-   
! SUMMARY-  Summary of Unigraphics Part Entities
! SUMMARY-   
! SUMMARY-  Entities Processed             Count
! SUMMARY-  ------------------             -----
! SUMMARY-  Solid .......................:     1
! SUMMARY-                                 -----
! SUMMARY-  Total                              1
! STATUS-   Creating the UG part (Phase 3 of 3): 12-AUG-2021  1:09:38 AM
! INFO-     Filing Part ..: C:\Users\Nelson\Github\Proyecto_APM\NX_Corte\Grupo_cortadora_81_MIR
! SUMMARY-   
! SUMMARY-  Summary of Unigraphics Part Entities
! SUMMARY-   
! SUMMARY-  Entities Processed             Count
! SUMMARY-  ------------------             -----
! SUMMARY-  Solid .......................:     1
! SUMMARY-                                 -----
! SUMMARY-  Total                              1
! STATUS-   Creating the UG part (Phase 3 of 3): 12-AUG-2021  1:09:38 AM
! INFO-     Filing Part ..: C:\Users\Nelson\Github\Proyecto_APM\NX_Corte\Grupo_cortadora_80_MIR
! SUMMARY-   
! SUMMARY-  Summary of Unigraphics Part Entities
! SUMMARY-   
! SUMMARY-  Entities Processed             Count
! SUMMARY-  ------------------             -----
! SUMMARY-  Solid .......................:     1
! SUMMARY-                                 -----
! SUMMARY-  Total                              1
! STATUS-   Creating the UG part (Phase 3 of 3): 12-AUG-2021  1:09:39 AM
! INFO-     Filing Part ..: C:\Users\Nelson\Github\Proyecto_APM\NX_Corte\Grupo_cortadora_79_MIR
! SUMMARY-   
! SUMMARY-  Summary of Unigraphics Part Entities
! SUMMARY-   
! SUMMARY-  Entities Processed             Count
! SUMMARY-  ------------------             -----
! SUMMARY-  Solid .......................:     1
! SUMMARY-                                 -----
! SUMMARY-  Total                              1
! STATUS-   Creating the UG part (Phase 3 of 3): 12-AUG-2021  1:09:39 AM
! INFO-     Filing Part ..: C:\Users\Nelson\Github\Proyecto_APM\NX_Corte\Grupo_cortadora_78_MIR
! SUMMARY-   
! SUMMARY-  Summary of Unigraphics Part Entities
! SUMMARY-   
! SUMMARY-  Entities Processed             Count
! SUMMARY-  ------------------             -----
! SUMMARY-  Solid .......................:     1
! SUMMARY-                                 -----
! SUMMARY-  Total                              1
! STATUS-   Creating the UG part (Phase 3 of 3): 12-AUG-2021  1:09:39 AM
! INFO-     Filing Part ..: C:\Users\Nelson\Github\Proyecto_APM\NX_Corte\Grupo_cortadora_77_MIR
! SUMMARY-   
! SUMMARY-  Summary of Unigraphics Part Entities
! SUMMARY-   
! SUMMARY-  Entities Processed             Count
! SUMMARY-  ------------------             -----
! SUMMARY-  Solid .......................:     1
! SUMMARY-                                 -----
! SUMMARY-  Total                              1
! STATUS-   Creating the UG part (Phase 3 of 3): 12-AUG-2021  1:09:39 AM
! INFO-     Filing Part ..: C:\Users\Nelson\Github\Proyecto_APM\NX_Corte\Grupo_cortadora_76_MIR
! SUMMARY-   
! SUMMARY-  Summary of Unigraphics Part Entities
! SUMMARY-   
! SUMMARY-  Entities Processed             Count
! SUMMARY-  ------------------             -----
! SUMMARY-  Solid .......................:     1
! SUMMARY-                                 -----
! SUMMARY-  Total                              1
! STATUS-   Creating the UG part (Phase 3 of 3): 12-AUG-2021  1:09:40 AM
! INFO-     Filing Part ..: C:\Users\Nelson\Github\Proyecto_APM\NX_Corte\Grupo_cortadora_75_MIR
! SUMMARY-   
! SUMMARY-  Summary of Unigraphics Part Entities
! SUMMARY-   
! SUMMARY-  Entities Processed             Count
! SUMMARY-  ------------------             -----
! SUMMARY-  Solid .......................:     1
! SUMMARY-                                 -----
! SUMMARY-  Total                              1
! STATUS-   Creating the UG part (Phase 3 of 3): 12-AUG-2021  1:09:40 AM
! INFO-     Filing Part ..: C:\Users\Nelson\Github\Proyecto_APM\NX_Corte\Grupo_cortadora_74_MIR
! SUMMARY-   
! SUMMARY-  Summary of Unigraphics Part Entities
! SUMMARY-   
! SUMMARY-  Entities Processed             Count
! SUMMARY-  ------------------             -----
! SUMMARY-  Solid .......................:     1
! SUMMARY-                                 -----
! SUMMARY-  Total                              1
! STATUS-   Creating the UG part (Phase 3 of 3): 12-AUG-2021  1:09:40 AM
! INFO-     Filing Part ..: C:\Users\Nelson\Github\Proyecto_APM\NX_Corte\Grupo_cortadora_73_MIR
! SUMMARY-   
! SUMMARY-  Summary of Unigraphics Part Entities
! SUMMARY-   
! SUMMARY-  Entities Processed             Count
! SUMMARY-  ------------------             -----
! SUMMARY-  Solid .......................:     1
! SUMMARY-                                 -----
! SUMMARY-  Total                              1
! STATUS-   Creating the UG part (Phase 3 of 3): 12-AUG-2021  1:09:40 AM
! INFO-     Filing Part ..: C:\Users\Nelson\Github\Proyecto_APM\NX_Corte\Grupo_cortadora_72_MIR
! SUMMARY-   
! SUMMARY-  Summary of Unigraphics Part Entities
! SUMMARY-   
! SUMMARY-  Entities Processed             Count
! SUMMARY-  ------------------             -----
! SUMMARY-  Solid .......................:     1
! SUMMARY-                                 -----
! SUMMARY-  Total                              1
! STATUS-   Creating the UG part (Phase 3 of 3): 12-AUG-2021  1:09:40 AM
! INFO-     Filing Part ..: C:\Users\Nelson\Github\Proyecto_APM\NX_Corte\Grupo_cortadora_71_MIR
! SUMMARY-   
! SUMMARY-  Summary of Unigraphics Part Entities
! SUMMARY-   
! SUMMARY-  Entities Processed             Count
! SUMMARY-  ------------------             -----
! SUMMARY-  Solid .......................:     1
! SUMMARY-                                 -----
! SUMMARY-  Total                              1
! STATUS-   Creating the UG part (Phase 3 of 3): 12-AUG-2021  1:09:41 AM
! INFO-     Filing Part ..: C:\Users\Nelson\Github\Proyecto_APM\NX_Corte\Grupo_cortadora_70_MIR
! SUMMARY-   
! SUMMARY-  Summary of Unigraphics Part Entities
! SUMMARY-   
! SUMMARY-  Entities Processed             Count
! SUMMARY-  ------------------             -----
! SUMMARY-  Solid .......................:     1
! SUMMARY-                                 -----
! SUMMARY-  Total                              1
! STATUS-   Creating the UG part (Phase 3 of 3): 12-AUG-2021  1:09:41 AM
! INFO-     Filing Part ..: C:\Users\Nelson\Github\Proyecto_APM\NX_Corte\Grupo_cortadora_69_MIR
! SUMMARY-   
! SUMMARY-  Summary of Unigraphics Part Entities
! SUMMARY-   
! SUMMARY-  Entities Processed             Count
! SUMMARY-  ------------------             -----
! SUMMARY-  Solid .......................:     1
! SUMMARY-                                 -----
! SUMMARY-  Total                              1
! STATUS-   Creating the UG part (Phase 3 of 3): 12-AUG-2021  1:09:41 AM
! INFO-     Filing Part ..: C:\Users\Nelson\Github\Proyecto_APM\NX_Corte\Grupo_cortadora_68_MIR
! SUMMARY-   
! SUMMARY-  Summary of Unigraphics Part Entities
! SUMMARY-   
! SUMMARY-  Entities Processed             Count
! SUMMARY-  ------------------             -----
! SUMMARY-  Solid .......................:     1
! SUMMARY-                                 -----
! SUMMARY-  Total                              1
! STATUS-   Creating the UG part (Phase 3 of 3): 12-AUG-2021  1:09:41 AM
! INFO-     Filing Part ..: C:\Users\Nelson\Github\Proyecto_APM\NX_Corte\Grupo_cortadora_67_MIR
! SUMMARY-   
! SUMMARY-  Summary of Unigraphics Part Entities
! SUMMARY-   
! SUMMARY-  Entities Processed             Count
! SUMMARY-  ------------------             -----
! SUMMARY-  Solid .......................:     1
! SUMMARY-                                 -----
! SUMMARY-  Total                              1
! STATUS-   Creating the UG part (Phase 3 of 3): 12-AUG-2021  1:09:41 AM
! INFO-     Filing Part ..: C:\Users\Nelson\Github\Proyecto_APM\NX_Corte\Grupo_cortadora_66_MIR
! SUMMARY-   
! SUMMARY-  Summary of Unigraphics Part Entities
! SUMMARY-   
! SUMMARY-  Entities Processed             Count
! SUMMARY-  ------------------             -----
! SUMMARY-  Solid .......................:     1
! SUMMARY-                                 -----
! SUMMARY-  Total                              1
! STATUS-   Creating the UG part (Phase 3 of 3): 12-AUG-2021  1:09:42 AM
! INFO-     Filing Part ..: C:\Users\Nelson\Github\Proyecto_APM\NX_Corte\Grupo_cortadora_65_MIR
! SUMMARY-   
! SUMMARY-  Summary of Unigraphics Part Entities
! SUMMARY-   
! SUMMARY-  Entities Processed             Count
! SUMMARY-  ------------------             -----
! SUMMARY-  Solid .......................:     1
! SUMMARY-                                 -----
! SUMMARY-  Total                              1
! STATUS-   Creating the UG part (Phase 3 of 3): 12-AUG-2021  1:09:42 AM
! INFO-     Filing Part ..: C:\Users\Nelson\Github\Proyecto_APM\NX_Corte\Grupo_cortadora_64_MIR
! SUMMARY-   
! SUMMARY-  Summary of Unigraphics Part Entities
! SUMMARY-   
! SUMMARY-  Entities Processed             Count
! SUMMARY-  ------------------             -----
! SUMMARY-  Solid .......................:     1
! SUMMARY-                                 -----
! SUMMARY-  Total                              1
! STATUS-   Creating the UG part (Phase 3 of 3): 12-AUG-2021  1:09:42 AM
! INFO-     Filing Part ..: C:\Users\Nelson\Github\Proyecto_APM\NX_Corte\Grupo_cortadora_63_MIR
! SUMMARY-   
! SUMMARY-  Summary of Unigraphics Part Entities
! SUMMARY-   
! SUMMARY-  Entities Processed             Count
! SUMMARY-  ------------------             -----
! SUMMARY-  Solid .......................:     1
! SUMMARY-                                 -----
! SUMMARY-  Total                              1
! STATUS-   Creating the UG part (Phase 3 of 3): 12-AUG-2021  1:09:42 AM
! INFO-     Filing Part ..: C:\Users\Nelson\Github\Proyecto_APM\NX_Corte\Grupo_cortadora_62_MIR
! SUMMARY-   
! SUMMARY-  Summary of Unigraphics Part Entities
! SUMMARY-   
! SUMMARY-  Entities Processed             Count
! SUMMARY-  ------------------             -----
! SUMMARY-  Solid .......................:     1
! SUMMARY-                                 -----
! SUMMARY-  Total                              1
! STATUS-   Creating the UG part (Phase 3 of 3): 12-AUG-2021  1:09:42 AM
! INFO-     Filing Part ..: C:\Users\Nelson\Github\Proyecto_APM\NX_Corte\Grupo_cortadora_61_MIR
! SUMMARY-   
! SUMMARY-  Summary of Unigraphics Part Entities
! SUMMARY-   
! SUMMARY-  Entities Processed             Count
! SUMMARY-  ------------------             -----
! SUMMARY-  Solid .......................:     1
! SUMMARY-                                 -----
! SUMMARY-  Total                              1
! STATUS-   Creating the UG part (Phase 3 of 3): 12-AUG-2021  1:09:43 AM
! INFO-     Filing Part ..: C:\Users\Nelson\Github\Proyecto_APM\NX_Corte\Grupo_cortadora_60_MIR
! SUMMARY-   
! SUMMARY-  Summary of Unigraphics Part Entities
! SUMMARY-   
! SUMMARY-  Entities Processed             Count
! SUMMARY-  ------------------             -----
! SUMMARY-  Solid .......................:     1
! SUMMARY-                                 -----
! SUMMARY-  Total                              1
! STATUS-   Creating the UG part (Phase 3 of 3): 12-AUG-2021  1:09:43 AM
! INFO-     Filing Part ..: C:\Users\Nelson\Github\Proyecto_APM\NX_Corte\Grupo_cortadora_59_MIR
! SUMMARY-   
! SUMMARY-  Summary of Unigraphics Part Entities
! SUMMARY-   
! SUMMARY-  Entities Processed             Count
! SUMMARY-  ------------------             -----
! SUMMARY-  Solid .......................:     1
! SUMMARY-                                 -----
! SUMMARY-  Total                              1
! STATUS-   Creating the UG part (Phase 3 of 3): 12-AUG-2021  1:09:43 AM
! INFO-     Filing Part ..: C:\Users\Nelson\Github\Proyecto_APM\NX_Corte\Grupo_cortadora_58_MIR
! SUMMARY-   
! SUMMARY-  Summary of Unigraphics Part Entities
! SUMMARY-   
! SUMMARY-  Entities Processed             Count
! SUMMARY-  ------------------             -----
! SUMMARY-  Solid .......................:     1
! SUMMARY-                                 -----
! SUMMARY-  Total                              1
! STATUS-   Creating the UG part (Phase 3 of 3): 12-AUG-2021  1:09:43 AM
! INFO-     Filing Part ..: C:\Users\Nelson\Github\Proyecto_APM\NX_Corte\Grupo_cortadora_57_MIR
! SUMMARY-   
! SUMMARY-  Summary of Unigraphics Part Entities
! SUMMARY-   
! SUMMARY-  Entities Processed             Count
! SUMMARY-  ------------------             -----
! SUMMARY-  Solid .......................:     1
! SUMMARY-                                 -----
! SUMMARY-  Total                              1
! STATUS-   Creating the UG part (Phase 3 of 3): 12-AUG-2021  1:09:44 AM
! INFO-     Filing Part ..: C:\Users\Nelson\Github\Proyecto_APM\NX_Corte\Grupo_cortadora_56_MIR
! SUMMARY-   
! SUMMARY-  Summary of Unigraphics Part Entities
! SUMMARY-   
! SUMMARY-  Entities Processed             Count
! SUMMARY-  ------------------             -----
! SUMMARY-  Solid .......................:     1
! SUMMARY-                                 -----
! SUMMARY-  Total                              1
! STATUS-   Creating the UG part (Phase 3 of 3): 12-AUG-2021  1:09:44 AM
! INFO-     Filing Part ..: C:\Users\Nelson\Github\Proyecto_APM\NX_Corte\Grupo_cortadora_55_MIR
! SUMMARY-   
! SUMMARY-  Summary of Unigraphics Part Entities
! SUMMARY-   
! SUMMARY-  Entities Processed             Count
! SUMMARY-  ------------------             -----
! SUMMARY-  Solid .......................:     1
! SUMMARY-                                 -----
! SUMMARY-  Total                              1
! STATUS-   Creating the UG part (Phase 3 of 3): 12-AUG-2021  1:09:44 AM
! INFO-     Filing Part ..: C:\Users\Nelson\Github\Proyecto_APM\NX_Corte\Grupo_cortadora_54_MIR
! SUMMARY-   
! SUMMARY-  Summary of Unigraphics Part Entities
! SUMMARY-   
! SUMMARY-  Entities Processed             Count
! SUMMARY-  ------------------             -----
! SUMMARY-  Solid .......................:     1
! SUMMARY-                                 -----
! SUMMARY-  Total                              1
! STATUS-   Creating the UG part (Phase 3 of 3): 12-AUG-2021  1:09:44 AM
! INFO-     Filing Part ..: C:\Users\Nelson\Github\Proyecto_APM\NX_Corte\Grupo_cortadora_53_MIR
! SUMMARY-   
! SUMMARY-  Summary of Unigraphics Part Entities
! SUMMARY-   
! SUMMARY-  Entities Processed             Count
! SUMMARY-  ------------------             -----
! SUMMARY-  Solid .......................:     1
! SUMMARY-                                 -----
! SUMMARY-  Total                              1
! STATUS-   Creating the UG part (Phase 3 of 3): 12-AUG-2021  1:09:45 AM
! INFO-     Filing Part ..: C:\Users\Nelson\Github\Proyecto_APM\NX_Corte\Grupo_cortadora_52_MIR
! SUMMARY-   
! SUMMARY-  Summary of Unigraphics Part Entities
! SUMMARY-   
! SUMMARY-  Entities Processed             Count
! SUMMARY-  ------------------             -----
! SUMMARY-  Solid .......................:     1
! SUMMARY-                                 -----
! SUMMARY-  Total                              1
! STATUS-   Creating the UG part (Phase 3 of 3): 12-AUG-2021  1:09:45 AM
! INFO-     Filing Part ..: C:\Users\Nelson\Github\Proyecto_APM\NX_Corte\Grupo_cortadora_51_MIR
! SUMMARY-   
! SUMMARY-  Summary of Unigraphics Part Entities
! SUMMARY-   
! SUMMARY-  Entities Processed             Count
! SUMMARY-  ------------------             -----
! SUMMARY-  Solid .......................:     1
! SUMMARY-                                 -----
! SUMMARY-  Total                              1
! STATUS-   Creating the UG part (Phase 3 of 3): 12-AUG-2021  1:09:45 AM
! INFO-     Filing Part ..: C:\Users\Nelson\Github\Proyecto_APM\NX_Corte\Grupo_cortadora_50_MIR
! SUMMARY-   
! SUMMARY-  Summary of Unigraphics Part Entities
! SUMMARY-   
! SUMMARY-  Entities Processed             Count
! SUMMARY-  ------------------             -----
! SUMMARY-  Solid .......................:     1
! SUMMARY-                                 -----
! SUMMARY-  Total                              1
! STATUS-   Creating the UG part (Phase 3 of 3): 12-AUG-2021  1:09:45 AM
! INFO-     Filing Part ..: C:\Users\Nelson\Github\Proyecto_APM\NX_Corte\Grupo_cortadora_49_MIR
! SUMMARY-   
! SUMMARY-  Summary of Unigraphics Part Entities
! SUMMARY-   
! SUMMARY-  Entities Processed             Count
! SUMMARY-  ------------------             -----
! SUMMARY-  Solid .......................:     1
! SUMMARY-                                 -----
! SUMMARY-  Total                              1
! STATUS-   Creating the UG part (Phase 3 of 3): 12-AUG-2021  1:09:46 AM
! INFO-     Filing Part ..: C:\Users\Nelson\Github\Proyecto_APM\NX_Corte\Grupo_cortadora_48_MIR
! SUMMARY-   
! SUMMARY-  Summary of Unigraphics Part Entities
! SUMMARY-   
! SUMMARY-  Entities Processed             Count
! SUMMARY-  ------------------             -----
! SUMMARY-  Solid .......................:     1
! SUMMARY-                                 -----
! SUMMARY-  Total                              1
! STATUS-   Creating the UG part (Phase 3 of 3): 12-AUG-2021  1:09:46 AM
! INFO-     Filing Part ..: C:\Users\Nelson\Github\Proyecto_APM\NX_Corte\Grupo_cortadora_47_MIR
! SUMMARY-   
! SUMMARY-  Summary of Unigraphics Part Entities
! SUMMARY-   
! SUMMARY-  Entities Processed             Count
! SUMMARY-  ------------------             -----
! SUMMARY-  Solid .......................:     1
! SUMMARY-                                 -----
! SUMMARY-  Total                              1
! STATUS-   Creating the UG part (Phase 3 of 3): 12-AUG-2021  1:09:46 AM
! INFO-     Filing Part ..: C:\Users\Nelson\Github\Proyecto_APM\NX_Corte\Grupo_cortadora_46_MIR
! SUMMARY-   
! SUMMARY-  Summary of Unigraphics Part Entities
! SUMMARY-   
! SUMMARY-  Entities Processed             Count
! SUMMARY-  ------------------             -----
! SUMMARY-  Solid .......................:     1
! SUMMARY-                                 -----
! SUMMARY-  Total                              1
! STATUS-   Creating the UG part (Phase 3 of 3): 12-AUG-2021  1:09:46 AM
! INFO-     Filing Part ..: C:\Users\Nelson\Github\Proyecto_APM\NX_Corte\Grupo_cortadora_45_MIR
! SUMMARY-   
! SUMMARY-  Summary of Unigraphics Part Entities
! SUMMARY-   
! SUMMARY-  Entities Processed             Count
! SUMMARY-  ------------------             -----
! SUMMARY-  Solid .......................:     1
! SUMMARY-                                 -----
! SUMMARY-  Total                              1
! STATUS-   Creating the UG part (Phase 3 of 3): 12-AUG-2021  1:09:47 AM
! INFO-     Filing Part ..: C:\Users\Nelson\Github\Proyecto_APM\NX_Corte\Grupo_cortadora_44_MIR
! SUMMARY-   
! SUMMARY-  Summary of Unigraphics Part Entities
! SUMMARY-   
! SUMMARY-  Entities Processed             Count
! SUMMARY-  ------------------             -----
! SUMMARY-  Solid .......................:     1
! SUMMARY-                                 -----
! SUMMARY-  Total                              1
! STATUS-   Creating the UG part (Phase 3 of 3): 12-AUG-2021  1:09:47 AM
! INFO-     Filing Part ..: C:\Users\Nelson\Github\Proyecto_APM\NX_Corte\Grupo_cortadora_43_MIR
! SUMMARY-   
! SUMMARY-  Summary of Unigraphics Part Entities
! SUMMARY-   
! SUMMARY-  Entities Processed             Count
! SUMMARY-  ------------------             -----
! SUMMARY-  Solid .......................:     1
! SUMMARY-                                 -----
! SUMMARY-  Total                              1
! STATUS-   Creating the UG part (Phase 3 of 3): 12-AUG-2021  1:09:47 AM
! INFO-     Filing Part ..: C:\Users\Nelson\Github\Proyecto_APM\NX_Corte\Grupo_cortadora_42_MIR
! SUMMARY-   
! SUMMARY-  Summary of Unigraphics Part Entities
! SUMMARY-   
! SUMMARY-  Entities Processed             Count
! SUMMARY-  ------------------             -----
! SUMMARY-  Solid .......................:     1
! SUMMARY-                                 -----
! SUMMARY-  Total                              1
! STATUS-   Creating the UG part (Phase 3 of 3): 12-AUG-2021  1:09:47 AM
! INFO-     Filing Part ..: C:\Users\Nelson\Github\Proyecto_APM\NX_Corte\Grupo_cortadora_41_MIR
! SUMMARY-   
! SUMMARY-  Summary of Unigraphics Part Entities
! SUMMARY-   
! SUMMARY-  Entities Processed             Count
! SUMMARY-  ------------------             -----
! SUMMARY-  Solid .......................:     1
! SUMMARY-                                 -----
! SUMMARY-  Total                              1
! STATUS-   Creating the UG part (Phase 3 of 3): 12-AUG-2021  1:09:47 AM
! INFO-     Filing Part ..: C:\Users\Nelson\Github\Proyecto_APM\NX_Corte\Grupo_cortadora_40_MIR
! SUMMARY-   
! SUMMARY-  Summary of Unigraphics Part Entities
! SUMMARY-   
! SUMMARY-  Entities Processed             Count
! SUMMARY-  ------------------             -----
! SUMMARY-  Solid .......................:     1
! SUMMARY-                                 -----
! SUMMARY-  Total                              1
! STATUS-   Creating the UG part (Phase 3 of 3): 12-AUG-2021  1:09:48 AM
! INFO-     Filing Part ..: C:\Users\Nelson\Github\Proyecto_APM\NX_Corte\Grupo_cortadora_39_MIR
! SUMMARY-   
! SUMMARY-  Summary of Unigraphics Part Entities
! SUMMARY-   
! SUMMARY-  Entities Processed             Count
! SUMMARY-  ------------------             -----
! SUMMARY-  Solid .......................:     1
! SUMMARY-                                 -----
! SUMMARY-  Total                              1
! STATUS-   Creating the UG part (Phase 3 of 3): 12-AUG-2021  1:09:48 AM
! INFO-     Filing Part ..: C:\Users\Nelson\Github\Proyecto_APM\NX_Corte\Grupo_cortadora_38_MIR
! SUMMARY-   
! SUMMARY-  Summary of Unigraphics Part Entities
! SUMMARY-   
! SUMMARY-  Entities Processed             Count
! SUMMARY-  ------------------             -----
! SUMMARY-  Solid .......................:     1
! SUMMARY-                                 -----
! SUMMARY-  Total                              1
! STATUS-   Creating the UG part (Phase 3 of 3): 12-AUG-2021  1:09:48 AM
! INFO-     Filing Part ..: C:\Users\Nelson\Github\Proyecto_APM\NX_Corte\Grupo_cortadora_37_MIR
! SUMMARY-   
! SUMMARY-  Summary of Unigraphics Part Entities
! SUMMARY-   
! SUMMARY-  Entities Processed             Count
! SUMMARY-  ------------------             -----
! SUMMARY-  Solid .......................:     1
! SUMMARY-                                 -----
! SUMMARY-  Total                              1
! STATUS-   Creating the UG part (Phase 3 of 3): 12-AUG-2021  1:09:49 AM
! INFO-     Filing Part ..: C:\Users\Nelson\Github\Proyecto_APM\NX_Corte\Grupo_cortadora_36_MIR
! SUMMARY-   
! SUMMARY-  Summary of Unigraphics Part Entities
! SUMMARY-   
! SUMMARY-  Entities Processed             Count
! SUMMARY-  ------------------             -----
! SUMMARY-  Solid .......................:     1
! SUMMARY-                                 -----
! SUMMARY-  Total                              1
! STATUS-   Creating the UG part (Phase 3 of 3): 12-AUG-2021  1:09:49 AM
! INFO-     Filing Part ..: C:\Users\Nelson\Github\Proyecto_APM\NX_Corte\Grupo_cortadora_35_MIR
! SUMMARY-   
! SUMMARY-  Summary of Unigraphics Part Entities
! SUMMARY-   
! SUMMARY-  Entities Processed             Count
! SUMMARY-  ------------------             -----
! SUMMARY-  Solid .......................:     1
! SUMMARY-                                 -----
! SUMMARY-  Total                              1
! STATUS-   Creating the UG part (Phase 3 of 3): 12-AUG-2021  1:09:49 AM
! INFO-     Filing Part ..: C:\Users\Nelson\Github\Proyecto_APM\NX_Corte\Grupo_cortadora_34_MIR
! SUMMARY-   
! SUMMARY-  Summary of Unigraphics Part Entities
! SUMMARY-   
! SUMMARY-  Entities Processed             Count
! SUMMARY-  ------------------             -----
! SUMMARY-  Solid .......................:     1
! SUMMARY-                                 -----
! SUMMARY-  Total                              1
! STATUS-   Creating the UG part (Phase 3 of 3): 12-AUG-2021  1:09:50 AM
! INFO-     Filing Part ..: C:\Users\Nelson\Github\Proyecto_APM\NX_Corte\Grupo_cortadora_33_MIR
! SUMMARY-   
! SUMMARY-  Summary of Unigraphics Part Entities
! SUMMARY-   
! SUMMARY-  Entities Processed             Count
! SUMMARY-  ------------------             -----
! SUMMARY-  Solid .......................:     1
! SUMMARY-                                 -----
! SUMMARY-  Total                              1
! STATUS-   Creating the UG part (Phase 3 of 3): 12-AUG-2021  1:09:50 AM
! INFO-     Filing Part ..: C:\Users\Nelson\Github\Proyecto_APM\NX_Corte\Grupo_cortadora_32_MIR
! SUMMARY-   
! SUMMARY-  Summary of Unigraphics Part Entities
! SUMMARY-   
! SUMMARY-  Entities Processed             Count
! SUMMARY-  ------------------             -----
! SUMMARY-  Solid .......................:     1
! SUMMARY-                                 -----
! SUMMARY-  Total                              1
! STATUS-   Creating the UG part (Phase 3 of 3): 12-AUG-2021  1:09:50 AM
! INFO-     Filing Part ..: C:\Users\Nelson\Github\Proyecto_APM\NX_Corte\Grupo_cortadora_31_MIR
! SUMMARY-   
! SUMMARY-  Summary of Unigraphics Part Entities
! SUMMARY-   
! SUMMARY-  Entities Processed             Count
! SUMMARY-  ------------------             -----
! SUMMARY-  Solid .......................:     1
! SUMMARY-                                 -----
! SUMMARY-  Total                              1
! STATUS-   Creating the UG part (Phase 3 of 3): 12-AUG-2021  1:09:50 AM
! INFO-     Filing Part ..: C:\Users\Nelson\Github\Proyecto_APM\NX_Corte\Grupo_cortadora_30_MIR
! SUMMARY-   
! SUMMARY-  Summary of Unigraphics Part Entities
! SUMMARY-   
! SUMMARY-  Entities Processed             Count
! SUMMARY-  ------------------             -----
! SUMMARY-  Solid .......................:     1
! SUMMARY-                                 -----
! SUMMARY-  Total                              1
! STATUS-   Creating the UG part (Phase 3 of 3): 12-AUG-2021  1:09:51 AM
! INFO-     Filing Part ..: C:\Users\Nelson\Github\Proyecto_APM\NX_Corte\Grupo_cortadora_29_MIR
! SUMMARY-   
! SUMMARY-  Summary of Unigraphics Part Entities
! SUMMARY-   
! SUMMARY-  Entities Processed             Count
! SUMMARY-  ------------------             -----
! SUMMARY-  Solid .......................:     1
! SUMMARY-                                 -----
! SUMMARY-  Total                              1
! STATUS-   Creating the UG part (Phase 3 of 3): 12-AUG-2021  1:09:51 AM
! INFO-     Filing Part ..: C:\Users\Nelson\Github\Proyecto_APM\NX_Corte\Grupo_cortadora_28_MIR
! SUMMARY-   
! SUMMARY-  Summary of Unigraphics Part Entities
! SUMMARY-   
! SUMMARY-  Entities Processed             Count
! SUMMARY-  ------------------             -----
! SUMMARY-  Solid .......................:     1
! SUMMARY-                                 -----
! SUMMARY-  Total                              1
! STATUS-   Creating the UG part (Phase 3 of 3): 12-AUG-2021  1:09:51 AM
! INFO-     Filing Part ..: C:\Users\Nelson\Github\Proyecto_APM\NX_Corte\Grupo_cortadora_27_MIR
! SUMMARY-   
! SUMMARY-  Summary of Unigraphics Part Entities
! SUMMARY-   
! SUMMARY-  Entities Processed             Count
! SUMMARY-  ------------------             -----
! SUMMARY-  Solid .......................:     1
! SUMMARY-                                 -----
! SUMMARY-  Total                              1
! STATUS-   Creating the UG part (Phase 3 of 3): 12-AUG-2021  1:09:52 AM
! INFO-     Filing Part ..: C:\Users\Nelson\Github\Proyecto_APM\NX_Corte\Grupo_cortadora_26_MIR
! SUMMARY-   
! SUMMARY-  Summary of Unigraphics Part Entities
! SUMMARY-   
! SUMMARY-  Entities Processed             Count
! SUMMARY-  ------------------             -----
! SUMMARY-  Solid .......................:     1
! SUMMARY-                                 -----
! SUMMARY-  Total                              1
! STATUS-   Creating the UG part (Phase 3 of 3): 12-AUG-2021  1:09:52 AM
! INFO-     Filing Part ..: C:\Users\Nelson\Github\Proyecto_APM\NX_Corte\Grupo_cortadora_25_MIR
! SUMMARY-   
! SUMMARY-  Summary of Unigraphics Part Entities
! SUMMARY-   
! SUMMARY-  Entities Processed             Count
! SUMMARY-  ------------------             -----
! SUMMARY-  Solid .......................:     1
! SUMMARY-                                 -----
! SUMMARY-  Total                              1
! STATUS-   Creating the UG part (Phase 3 of 3): 12-AUG-2021  1:09:52 AM
! INFO-     Filing Part ..: C:\Users\Nelson\Github\Proyecto_APM\NX_Corte\Grupo_cortadora_24_MIR
! SUMMARY-   
! SUMMARY-  Summary of Unigraphics Part Entities
! SUMMARY-   
! SUMMARY-  Entities Processed             Count
! SUMMARY-  ------------------             -----
! SUMMARY-  Solid .......................:     1
! SUMMARY-                                 -----
! SUMMARY-  Total                              1
! STATUS-   Creating the UG part (Phase 3 of 3): 12-AUG-2021  1:09:53 AM
! INFO-     Filing Part ..: C:\Users\Nelson\Github\Proyecto_APM\NX_Corte\Grupo_cortadora_23_MIR
! SUMMARY-   
! SUMMARY-  Summary of Unigraphics Part Entities
! SUMMARY-   
! SUMMARY-  Entities Processed             Count
! SUMMARY-  ------------------             -----
! SUMMARY-  Solid .......................:     1
! SUMMARY-                                 -----
! SUMMARY-  Total                              1
! STATUS-   Creating the UG part (Phase 3 of 3): 12-AUG-2021  1:09:53 AM
! INFO-     Filing Part ..: C:\Users\Nelson\Github\Proyecto_APM\NX_Corte\Grupo_cortadora_22_MIR
! SUMMARY-   
! SUMMARY-  Summary of Unigraphics Part Entities
! SUMMARY-   
! SUMMARY-  Entities Processed             Count
! SUMMARY-  ------------------             -----
! SUMMARY-  Solid .......................:     1
! SUMMARY-                                 -----
! SUMMARY-  Total                              1
! STATUS-   Creating the UG part (Phase 3 of 3): 12-AUG-2021  1:09:53 AM
! INFO-     Filing Part ..: C:\Users\Nelson\Github\Proyecto_APM\NX_Corte\Grupo_cortadora_21_MIR
! SUMMARY-   
! SUMMARY-  Summary of Unigraphics Part Entities
! SUMMARY-   
! SUMMARY-  Entities Processed             Count
! SUMMARY-  ------------------             -----
! SUMMARY-  Solid .......................:     1
! SUMMARY-                                 -----
! SUMMARY-  Total                              1
! STATUS-   Creating the UG part (Phase 3 of 3): 12-AUG-2021  1:09:53 AM
! INFO-     Filing Part ..: C:\Users\Nelson\Github\Proyecto_APM\NX_Corte\Grupo_cortadora_20_MIR
! SUMMARY-   
! SUMMARY-  Summary of Unigraphics Part Entities
! SUMMARY-   
! SUMMARY-  Entities Processed             Count
! SUMMARY-  ------------------             -----
! SUMMARY-  Solid .......................:     1
! SUMMARY-                                 -----
! SUMMARY-  Total                              1
! STATUS-   Creating the UG part (Phase 3 of 3): 12-AUG-2021  1:09:54 AM
! INFO-     Filing Part ..: C:\Users\Nelson\Github\Proyecto_APM\NX_Corte\Grupo_cortadora_18_MIR
! SUMMARY-   
! SUMMARY-  Summary of Unigraphics Part Entities
! SUMMARY-   
! SUMMARY-  Entities Processed             Count
! SUMMARY-  ------------------             -----
! SUMMARY-  Solid .......................:     1
! SUMMARY-                                 -----
! SUMMARY-  Total                              1
! STATUS-   Creating the UG part (Phase 3 of 3): 12-AUG-2021  1:09:54 AM
! INFO-     Filing Part ..: C:\Users\Nelson\Github\Proyecto_APM\NX_Corte\Grupo_cortadora_17_MIR
! SUMMARY-   
! SUMMARY-  Summary of Unigraphics Part Entities
! SUMMARY-   
! SUMMARY-  Entities Processed             Count
! SUMMARY-  ------------------             -----
! SUMMARY-  Solid .......................:     1
! SUMMARY-                                 -----
! SUMMARY-  Total                              1
! STATUS-   Creating the UG part (Phase 3 of 3): 12-AUG-2021  1:09:55 AM
! INFO-     Filing Part ..: C:\Users\Nelson\Github\Proyecto_APM\NX_Corte\Grupo_cortadora_13_MIR
! SUMMARY-   
! SUMMARY-  Summary of Unigraphics Part Entities
! SUMMARY-   
! SUMMARY-  Entities Processed             Count
! SUMMARY-  ------------------             -----
! SUMMARY-  Solid .......................:     1
! SUMMARY-                                 -----
! SUMMARY-  Total                              1
! STATUS-   Creating the UG part (Phase 3 of 3): 12-AUG-2021  1:09:55 AM
! INFO-     Filing Part ..: C:\Users\Nelson\Github\Proyecto_APM\NX_Corte\Grupo_cortadora_12_MIR
! SUMMARY-   
! SUMMARY-  Summary of Unigraphics Part Entities
! SUMMARY-   
! SUMMARY-  Entities Processed             Count
! SUMMARY-  ------------------             -----
! SUMMARY-  Solid .......................:     1
! SUMMARY-                                 -----
! SUMMARY-  Total                              1
! STATUS-   Creating the UG part (Phase 3 of 3): 12-AUG-2021  1:09:55 AM
! INFO-     Filing Part ..: C:\Users\Nelson\Github\Proyecto_APM\NX_Corte\Grupo_cortadora_11_MIR
! SUMMARY-   
! SUMMARY-  Summary of Unigraphics Part Entities
! SUMMARY-   
! SUMMARY-  Entities Processed             Count
! SUMMARY-  ------------------             -----
! SUMMARY-  Solid .......................:     1
! SUMMARY-                                 -----
! SUMMARY-  Total                              1
! STATUS-   Creating the UG part (Phase 3 of 3): 12-AUG-2021  1:09:55 AM
! INFO-     Filing Part ..: C:\Users\Nelson\Github\Proyecto_APM\NX_Corte\Grupo_cortadora_10_MIR
! SUMMARY-   
! SUMMARY-  Summary of Unigraphics Part Entities
! SUMMARY-   
! SUMMARY-  Entities Processed             Count
! SUMMARY-  ------------------             -----
! SUMMARY-  Solid .......................:     1
! SUMMARY-                                 -----
! SUMMARY-  Total                              1
! STATUS-   Creating the UG part (Phase 3 of 3): 12-AUG-2021  1:09:56 AM
! INFO-     Filing Part ..: C:\Users\Nelson\Github\Proyecto_APM\NX_Corte\Grupo_cortadora_9_MIR
! SUMMARY-   
! SUMMARY-  Summary of Unigraphics Part Entities
! SUMMARY-   
! SUMMARY-  Entities Processed             Count
! SUMMARY-  ------------------             -----
! SUMMARY-  Solid .......................:     1
! SUMMARY-                                 -----
! SUMMARY-  Total                              1
! STATUS-   Creating the UG part (Phase 3 of 3): 12-AUG-2021  1:09:56 AM
! INFO-     Filing Part ..: C:\Users\Nelson\Github\Proyecto_APM\NX_Corte\Grupo_cortadora_8_MIR
! SUMMARY-   
! SUMMARY-  Summary of Unigraphics Part Entities
! SUMMARY-   
! SUMMARY-  Entities Processed             Count
! SUMMARY-  ------------------             -----
! SUMMARY-  Solid .......................:     1
! SUMMARY-                                 -----
! SUMMARY-  Total                              1
! STATUS-   Creating the UG part (Phase 3 of 3): 12-AUG-2021  1:09:56 AM
! INFO-     Filing Part ..: C:\Users\Nelson\Github\Proyecto_APM\NX_Corte\Grupo_cortadora_7_MIR
! SUMMARY-   
! SUMMARY-  Summary of Unigraphics Part Entities
! SUMMARY-   
! SUMMARY-  Entities Processed             Count
! SUMMARY-  ------------------             -----
! SUMMARY-  Solid .......................:     1
! SUMMARY-                                 -----
! SUMMARY-  Total                              1
! STATUS-   Creating the UG part (Phase 3 of 3): 12-AUG-2021  1:09:56 AM
! INFO-     Filing Part ..: C:\Users\Nelson\Github\Proyecto_APM\NX_Corte\Grupo_cortadora_6_MIR
! SUMMARY-   
! SUMMARY-  Summary of Unigraphics Part Entities
! SUMMARY-   
! SUMMARY-  Entities Processed             Count
! SUMMARY-  ------------------             -----
! SUMMARY-  Solid .......................:     1
! SUMMARY-                                 -----
! SUMMARY-  Total                              1
! STATUS-   Creating the UG part (Phase 3 of 3): 12-AUG-2021  1:09:56 AM
! INFO-     Filing Part ..: C:\Users\Nelson\Github\Proyecto_APM\NX_Corte\Grupo_cortadora_5_MIR
! SUMMARY-   
! SUMMARY-  Summary of Unigraphics Part Entities
! SUMMARY-   
! SUMMARY-  Entities Processed             Count
! SUMMARY-  ------------------             -----
! SUMMARY-  Solid .......................:     1
! SUMMARY-                                 -----
! SUMMARY-  Total                              1
! STATUS-   Creating the UG part (Phase 3 of 3): 12-AUG-2021  1:09:57 AM
! INFO-     Filing Part ..: C:\Users\Nelson\Github\Proyecto_APM\NX_Corte\Grupo_cortadora_4_MIR
! SUMMARY-   
! SUMMARY-  Summary of Unigraphics Part Entities
! SUMMARY-   
! SUMMARY-  Entities Processed             Count
! SUMMARY-  ------------------             -----
! SUMMARY-  Solid .......................:     1
! SUMMARY-                                 -----
! SUMMARY-  Total                              1
! STATUS-   Creating the UG part (Phase 3 of 3): 12-AUG-2021  1:09:57 AM
! INFO-     Filing Part ..: C:\Users\Nelson\Github\Proyecto_APM\NX_Corte\Grupo_cortadora_3_MIR
! SUMMARY-   
! SUMMARY-  Summary of Unigraphics Part Entities
! SUMMARY-   
! SUMMARY-  Entities Processed             Count
! SUMMARY-  ------------------             -----
! SUMMARY-  Solid .......................:     1
! SUMMARY-                                 -----
! SUMMARY-  Total                              1
! STATUS-   Creating the UG part (Phase 3 of 3): 12-AUG-2021  1:09:57 AM
! INFO-     Filing Part ..: C:\Users\Nelson\Github\Proyecto_APM\NX_Corte\Grupo_cortadora_2_MIR
! SUMMARY-   
! SUMMARY-  Summary of Unigraphics Part Entities
! SUMMARY-   
! SUMMARY-  Entities Processed             Count
! SUMMARY-  ------------------             -----
! SUMMARY-  Solid .......................:     1
! SUMMARY-                                 -----
! SUMMARY-  Total                              1
! STATUS-   Creating the UG part (Phase 3 of 3): 12-AUG-2021  1:09:58 AM
! INFO-     Filing Part ..: C:\Users\Nelson\Github\Proyecto_APM\NX_Corte\Grupo_cortadora_1_MIR
! SUMMARY-   
! SUMMARY-  Summary of Unigraphics Part Entities
! SUMMARY-   
! SUMMARY-  Entities Processed             Count
! SUMMARY-  ------------------             -----
! SUMMARY-  Solid .......................:     1
! SUMMARY-                                 -----
! SUMMARY-  Total                              1
! STATUS-   Creating the UG part (Phase 3 of 3): 12-AUG-2021  1:09:58 AM
! INFO-     Filing Part ..: C:\Users\Nelson\Github\Proyecto_APM\NX_Corte\Grupo_cortadora_MIR_1
! SUMMARY-   
! SUMMARY-  Summary of Unigraphics Part Entities
! SUMMARY-   
! SUMMARY-  Entities Processed             Count
! SUMMARY-  ------------------             -----
! SUMMARY-  Solid .......................:     1
! SUMMARY-                                 -----
! SUMMARY-  Total                              1
! STATUS-   Creating the UG part (Phase 3 of 3): 12-AUG-2021  1:09:58 AM
! INFO-     Filing Part ..: C:\Users\Nelson\Github\Proyecto_APM\NX_Corte\belt cover lid_MIR
! SUMMARY-   
! SUMMARY-  Summary of Unigraphics Part Entities
! SUMMARY-   
! SUMMARY-  Entities Processed             Count
! SUMMARY-  ------------------             -----
! SUMMARY-  Solid .......................:     1
! SUMMARY-                                 -----
! SUMMARY-  Total                              1
! STATUS-   Creating the UG part (Phase 3 of 3): 12-AUG-2021  1:10:02 AM
! INFO-     Filing Part ..: C:\Users\Nelson\Github\Proyecto_APM\NX_Corte\Base soporte tubos_MIR
! SUMMARY-   
! SUMMARY-  Summary of Unigraphics Part Entities
! SUMMARY-   
! SUMMARY-  Entities Processed             Count
! SUMMARY-  ------------------             -----
! SUMMARY-  Solid .......................:     1
! SUMMARY-                                 -----
! SUMMARY-  Total                              1
! STATUS-   Creating the UG part (Phase 3 of 3): 12-AUG-2021  1:10:02 AM
! INFO-     Filing Part ..: C:\Users\Nelson\Github\Proyecto_APM\NX_Corte\Base soporte tubos
! SUMMARY-   
! SUMMARY-  Summary of Unigraphics Part Entities
! SUMMARY-   
! SUMMARY-  Entities Processed             Count
! SUMMARY-  ------------------             -----
! SUMMARY-  Solid .......................:     1
! SUMMARY-                                 -----
! SUMMARY-  Total                              1
! STATUS-   Creating the UG part (Phase 3 of 3): 12-AUG-2021  1:10:02 AM
! INFO-     Filing Part ..: C:\Users\Nelson\Github\Proyecto_APM\NX_Corte\Tubo-2_1_8
! SUMMARY-   
! SUMMARY-  Summary of Unigraphics Part Entities
! SUMMARY-   
! SUMMARY-  Entities Processed             Count
! SUMMARY-  ------------------             -----
! SUMMARY-  Solid .......................:     1
! SUMMARY-                                 -----
! SUMMARY-  Total                              1
! STATUS-   Creating the UG part (Phase 3 of 3): 12-AUG-2021  1:10:02 AM
! INFO-     Filing Part ..: C:\Users\Nelson\Github\Proyecto_APM\NX_Corte\Mesa_cortadora
! SUMMARY-   
! SUMMARY-  Summary of Unigraphics Part Entities
! SUMMARY-   
! SUMMARY-  Entities Processed             Count
! SUMMARY-  ------------------             -----
! SUMMARY-  Solid .......................:     1
! SUMMARY-                                 -----
! SUMMARY-  Total                              1
! STATUS-   Creating the UG part (Phase 3 of 3): 12-AUG-2021  1:10:03 AM
! INFO-     Filing Part ..: C:\Users\Nelson\Github\Proyecto_APM\NX_Corte\Subensamble_Base cortadora_MIR
! SUMMARY-   
! SUMMARY-  Summary of Unigraphics Part Entities
! SUMMARY-   
! SUMMARY-  Entities Processed             Count
! SUMMARY-  ------------------             -----
! SUMMARY-  Component ...................:     3
! SUMMARY-                                 -----
! SUMMARY-  Total                              3
! STATUS-   Creating the UG part (Phase 3 of 3): 12-AUG-2021  1:10:04 AM
! INFO-     Filing Part ..: C:\Users\Nelson\Github\Proyecto_APM\NX_Corte\Grupo_cortadora_MIR
! SUMMARY-   
! SUMMARY-  Summary of Unigraphics Part Entities
! SUMMARY-   
! SUMMARY-  Entities Processed             Count
! SUMMARY-  ------------------             -----
! SUMMARY-  Component ...................:    84
! SUMMARY-                                 -----
! SUMMARY-  Total                             84
! STATUS-   Creating the UG part (Phase 3 of 3): 12-AUG-2021  1:10:05 AM
! INFO-     Filing Part ..: C:\Users\Nelson\Github\Proyecto_APM\NX_Corte\Subensamble_cortadora_MIR
! SUMMARY-   
! SUMMARY-  Summary of Unigraphics Part Entities
! SUMMARY-   
! SUMMARY-  Entities Processed             Count
! SUMMARY-  ------------------             -----
! SUMMARY-  Component ...................:     3
! SUMMARY-                                 -----
! SUMMARY-  Total                              3
! STATUS-   Creating the UG part (Phase 3 of 3): 12-AUG-2021  1:10:05 AM
! INFO-     Filing Part ..: C:\Users\Nelson\Github\Proyecto_APM\NX_Corte\nsycrn64250p
! SUMMARY-   
! SUMMARY-  Summary of Unigraphics Part Entities
! SUMMARY-   
! SUMMARY-  Entities Processed             Count
! SUMMARY-  ------------------             -----
! SUMMARY-  Component ...................:     8
! SUMMARY-                                 -----
! SUMMARY-  Total                              8
! STATUS-   Creating the UG part (Phase 3 of 3): 12-AUG-2021  1:10:05 AM
! INFO-     Filing Part ..: C:\Users\Nelson\Github\Proyecto_APM\NX_Corte\xawf178ex
! SUMMARY-   
! SUMMARY-  Summary of Unigraphics Part Entities
! SUMMARY-   
! SUMMARY-  Entities Processed             Count
! SUMMARY-  ------------------             -----
! SUMMARY-  Component ...................:     2
! SUMMARY-                                 -----
! SUMMARY-  Total                              2
! STATUS-   Creating the UG part (Phase 3 of 3): 12-AUG-2021  1:10:06 AM
! INFO-     Filing Part ..: C:\Users\Nelson\Github\Proyecto_APM\NX_Corte\CE2F63-800-M9PZ(37_0_0)
! SUMMARY-   
! SUMMARY-  Summary of Unigraphics Part Entities
! SUMMARY-   
! SUMMARY-  Entities Processed             Count
! SUMMARY-  ------------------             -----
! SUMMARY-  Component ...................:     6
! SUMMARY-                                 -----
! SUMMARY-  Total                              6
! STATUS-   Creating the UG part (Phase 3 of 3): 12-AUG-2021  1:10:06 AM
! INFO-     Filing Part ..: C:\Users\Nelson\Github\Proyecto_APM\NX_Corte\CP96SDB40-160-M9PM(160_0_0)
! SUMMARY-   
! SUMMARY-  Summary of Unigraphics Part Entities
! SUMMARY-   
! SUMMARY-  Entities Processed             Count
! SUMMARY-  ------------------             -----
! SUMMARY-  Component ...................:     5
! SUMMARY-                                 -----
! SUMMARY-  Total                              5
! STATUS-   Creating the UG part (Phase 3 of 3): 12-AUG-2021  1:10:06 AM
! INFO-     Filing Part ..: C:\Users\Nelson\Github\Proyecto_APM\NX_Corte\CP96SDB32-50-M9P(0_0_0)
! SUMMARY-   
! SUMMARY-  Summary of Unigraphics Part Entities
! SUMMARY-   
! SUMMARY-  Entities Processed             Count
! SUMMARY-  ------------------             -----
! SUMMARY-  Component ...................:     5
! SUMMARY-                                 -----
! SUMMARY-  Total                              5
! STATUS-   Creating the UG part (Phase 3 of 3): 12-AUG-2021  1:10:06 AM
! INFO-     Filing Part ..: C:\Users\Nelson\Github\Proyecto_APM\NX_Corte\Ensamble cilindro
! SUMMARY-   
! SUMMARY-  Summary of Unigraphics Part Entities
! SUMMARY-   
! SUMMARY-  Entities Processed             Count
! SUMMARY-  ------------------             -----
! SUMMARY-  Component ...................:     7
! SUMMARY-                                 -----
! SUMMARY-  Total                              7
! STATUS-   Creating the UG part (Phase 3 of 3): 12-AUG-2021  1:10:06 AM
! INFO-     Filing Part ..: C:\Users\Nelson\Github\Proyecto_APM\NX_Corte\Estacion Corte.prt
! SUMMARY-   
! SUMMARY-  Summary of Unigraphics Part Entities
! SUMMARY-   
! SUMMARY-  Entities Processed             Count
! SUMMARY-  ------------------             -----
! SUMMARY-  Component ...................:    66
! SUMMARY-                                 -----
! SUMMARY-  Total                             66
! INFO-      
! INFO-     Total number of solids input for this translation       :       145
! INFO-      
! INFO-     Number of solids created without body validation faults :       145
! INFO-      
! INFO-     Number of solids created with body validation fault(s)  :         0
! INFO-      
! INFO-     Number of solids ending up as sheet bodies              :         0
! INFO-      
! INFO-     End of Translation: 12-AUG-2021  1:10:09 AM
! INFO-      
